<?xml version="1.0" encoding="UTF-8"?>
<!-- Generated by org.testng.reporters.JUnitXMLReporter -->
<testsuite ignored="0" hostname="DESKTOP-SH3BACH" failures="0" tests="4" name="Default test" time="3.898" errors="0" timestamp="2024-06-04T16:27:13 EET">
  <testcase classname="TestCases" name="Login" time="3.145"/>
  <testcase classname="TestCases" name="testProductTitle" time="0.065"/>
  <testcase classname="TestCases" name="testPriceFilter" time="0.395"/>
  <testcase classname="TestCases" name="testLowestPriceFilter" time="0.216"/>
</testsuite> <!-- Default test -->
