<?xml version="1.0" encoding="UTF-8"?>
<!-- Generated by org.testng.reporters.JUnitXMLReporter -->
<testsuite ignored="0" hostname="DESKTOP-SH3BACH" failures="0" tests="4" name="Default test" time="3.777" errors="0" timestamp="2024-06-03T11:56:25 EET">
  <testcase classname="TestCases" name="Login" time="3.228"/>
  <testcase classname="TestCases" name="testProductTitle" time="0.069"/>
  <testcase classname="TestCases" name="testPriceFilter" time="0.299"/>
  <testcase classname="TestCases" name="testLowestPriceFilter" time="0.119"/>
</testsuite> <!-- Default test -->
